TN:
SF:jest.setup.ts
FN:1,(empty-report)
FNF:1
FNH:0
FNDA:0,(empty-report)
DA:1,0
LF:1
LH:0
BRDA:1,0,0,0
BRF:1
BRH:0
end_of_record
TN:
SF:postcss.config.cjs
FN:1,(empty-report)
FNF:1
FNH:0
FNDA:0,(empty-report)
DA:1,0
DA:2,0
DA:3,0
DA:4,0
DA:5,0
DA:6,0
LF:6
LH:0
BRDA:1,0,0,0
BRF:1
BRH:0
end_of_record
TN:
SF:tailwind.config.js
FN:1,(empty-report)
FNF:1
FNH:0
FNDA:0,(empty-report)
DA:1,0
DA:2,0
DA:3,0
DA:4,0
DA:5,0
DA:6,0
DA:7,0
DA:8,0
LF:8
LH:0
BRDA:1,0,0,0
BRF:1
BRH:0
end_of_record
TN:
SF:src\App.tsx
FN:1,(empty-report)
FNF:1
FNH:1
FNDA:1,(empty-report)
DA:2,0
DA:3,0
DA:4,0
DA:5,0
DA:6,0
DA:7,0
DA:8,0
DA:10,0
DA:11,0
DA:12,0
DA:13,0
DA:14,0
DA:15,0
DA:16,0
DA:17,0
DA:18,0
DA:20,0
DA:22,0
LF:18
LH:0
BRDA:1,0,0,1
BRF:1
BRH:1
end_of_record
TN:
SF:src\main.tsx
FN:1,(empty-report)
FNF:1
FNH:0
FNDA:0,(empty-report)
DA:1,0
DA:2,0
DA:3,0
DA:4,0
DA:5,0
DA:6,0
DA:8,0
DA:9,0
DA:10,0
DA:11,0
DA:12,0
DA:13,0
DA:14,0
DA:15,0
LF:14
LH:0
BRDA:1,0,0,0
BRF:1
BRH:0
end_of_record
TN:
SF:src\components\AuthRoute.tsx
FN:15,<instance_members_initializer>
FN:16,AuthRoute
FN:24,componentDidMount
FN:38,checkAuthentication
FN:45,componentDidUpdate
FN:51,componentWillUnmount
FN:55,handleStorageChange
FN:60,render
FNF:8
FNH:7
FNDA:2,<instance_members_initializer>
FNDA:2,AuthRoute
FNDA:2,componentDidMount
FNDA:2,checkAuthentication
FNDA:2,componentDidUpdate
FNDA:2,componentWillUnmount
FNDA:0,handleStorageChange
FNDA:4,render
DA:2,1
DA:4,1
DA:15,1
DA:16,2
DA:17,2
DA:19,2
DA:20,2
DA:21,2
DA:22,2
DA:24,2
DA:25,2
DA:28,2
DA:29,2
DA:30,2
DA:31,2
DA:32,1
DA:33,1
DA:34,2
DA:35,2
DA:36,2
DA:38,2
DA:39,2
DA:40,2
DA:42,2
DA:43,2
DA:45,2
DA:46,2
DA:47,1
DA:48,1
DA:49,2
DA:51,2
DA:52,2
DA:53,2
DA:55,2
DA:56,0
DA:57,0
DA:58,0
DA:60,2
DA:61,4
DA:62,4
DA:64,4
DA:65,3
DA:66,3
DA:68,1
DA:69,4
DA:70,2
DA:72,1
LF:47
LH:44
BRDA:15,0,0,2
BRDA:16,1,0,2
BRDA:24,2,0,2
BRDA:30,3,0,2
BRDA:31,4,0,1
BRDA:38,5,0,2
BRDA:42,6,0,1
BRDA:45,7,0,2
BRDA:46,8,0,1
BRDA:46,9,0,1
BRDA:51,10,0,2
BRDA:60,11,0,4
BRDA:64,12,0,3
BRDA:66,13,0,1
BRF:14
BRH:14
end_of_record
TN:
SF:src\components\Header.tsx
FN:11,<instance_members_initializer>
FN:12,handleLogout
FN:19,render
FNF:3
FNH:3
FNDA:28,<instance_members_initializer>
FNDA:1,handleLogout
FNDA:68,render
DA:1,1
DA:3,1
DA:4,1
DA:11,1
DA:12,28
DA:13,1
DA:14,1
DA:16,1
DA:17,1
DA:19,28
DA:20,68
DA:22,68
DA:23,68
DA:24,68
DA:25,68
DA:26,68
DA:27,68
DA:28,68
DA:29,68
DA:30,68
DA:32,68
DA:33,64
DA:34,64
DA:35,64
DA:36,64
DA:38,64
DA:40,68
DA:42,68
DA:43,28
DA:45,1
LF:30
LH:30
BRDA:11,0,0,28
BRDA:12,1,0,1
BRDA:19,2,0,68
BRDA:32,3,0,64
BRF:4
BRH:4
end_of_record
TN:
SF:src\components\ProtectedRoutes.tsx
FN:1,(empty-report)
FNF:1
FNH:0
FNDA:0,(empty-report)
DA:1,0
DA:2,0
DA:12,0
DA:13,0
DA:14,0
DA:16,0
DA:17,0
DA:18,0
DA:19,0
DA:21,0
DA:22,0
DA:23,0
DA:25,0
DA:26,0
DA:27,0
DA:29,0
DA:30,0
DA:31,0
DA:33,0
DA:34,0
DA:36,0
DA:37,0
DA:38,0
DA:39,0
DA:41,0
DA:42,0
DA:43,0
DA:45,0
DA:46,0
DA:47,0
DA:49,0
DA:50,0
DA:51,0
DA:53,0
LF:34
LH:0
BRDA:1,0,0,0
BRF:1
BRH:0
end_of_record
TN:
SF:src\pages\EmpRegForm.tsx
FN:46,<instance_members_initializer>
FN:47,EmpRegForm
FN:62,handleChange
FN:101,componentDidMount
FN:107,getEmployee
FN:127,validateForm
FN:143,handleSubmit
FN:173,handleReset
FN:187,handleUpdate
FN:200,render
FN:406,onClick
FNF:11
FNH:7
FNDA:14,<instance_members_initializer>
FNDA:14,EmpRegForm
FNDA:17,handleChange
FNDA:14,componentDidMount
FNDA:0,getEmployee
FNDA:7,validateForm
FNDA:7,handleSubmit
FNDA:0,handleReset
FNDA:0,handleUpdate
FNDA:39,render
FNDA:0,onClick
DA:1,1
DA:2,1
DA:3,1
DA:4,1
DA:5,1
DA:6,1
DA:7,1
DA:8,1
DA:10,1
DA:12,1
DA:13,1
DA:14,1
DA:15,1
DA:16,1
DA:17,1
DA:46,1
DA:47,14
DA:48,14
DA:49,14
DA:50,14
DA:51,14
DA:52,14
DA:53,14
DA:54,14
DA:55,14
DA:56,14
DA:57,14
DA:58,14
DA:59,14
DA:60,14
DA:62,14
DA:63,17
DA:65,17
DA:66,3
DA:67,3
DA:68,3
DA:69,3
DA:70,0
DA:71,3
DA:72,3
DA:73,3
DA:74,3
DA:75,3
DA:76,17
DA:77,3
DA:78,3
DA:79,3
DA:80,3
DA:81,3
DA:82,3
DA:83,3
DA:84,3
DA:85,3
DA:86,3
DA:87,3
DA:88,3
DA:89,14
DA:90,11
DA:91,11
DA:92,11
DA:93,11
DA:94,11
DA:95,11
DA:96,11
DA:97,11
DA:98,11
DA:99,17
DA:101,14
DA:102,14
DA:103,0
DA:104,0
DA:105,14
DA:107,14
DA:108,0
DA:109,0
DA:110,0
DA:111,0
DA:112,0
DA:113,0
DA:114,0
DA:115,0
DA:116,0
DA:117,0
DA:118,0
DA:119,0
DA:120,0
DA:122,0
DA:123,0
DA:124,0
DA:125,0
DA:127,14
DA:128,7
DA:129,7
DA:131,7
DA:132,7
DA:133,7
DA:134,7
DA:135,7
DA:136,7
DA:137,6
DA:138,6
DA:140,7
DA:141,7
DA:143,14
DA:144,7
DA:145,7
DA:147,7
DA:148,6
DA:149,6
DA:150,6
DA:152,1
DA:153,1
DA:154,1
DA:155,1
DA:156,1
DA:157,1
DA:158,1
DA:159,1
DA:160,1
DA:161,1
DA:162,1
DA:163,1
DA:164,1
DA:165,1
DA:166,1
DA:167,1
DA:168,7
DA:169,0
DA:170,0
DA:171,7
DA:173,14
DA:174,0
DA:175,0
DA:176,0
DA:177,0
DA:178,0
DA:179,0
DA:180,0
DA:181,0
DA:182,0
DA:183,0
DA:184,0
DA:185,0
DA:187,14
DA:188,0
DA:189,0
DA:190,0
DA:191,0
DA:192,0
DA:193,0
DA:194,0
DA:195,0
DA:196,0
DA:197,0
DA:198,0
DA:200,14
DA:201,39
DA:203,39
DA:204,39
DA:205,39
DA:206,39
DA:207,39
DA:208,39
DA:209,39
DA:210,39
DA:212,39
DA:214,39
DA:215,39
DA:216,39
DA:217,39
DA:218,39
DA:219,39
DA:220,39
DA:221,39
DA:222,39
DA:223,39
DA:224,39
DA:225,39
DA:226,39
DA:227,39
DA:228,39
DA:229,6
DA:230,6
DA:231,6
DA:233,39
DA:234,39
DA:236,39
DA:237,39
DA:238,39
DA:239,39
DA:240,156
DA:241,156
DA:242,156
DA:243,156
DA:244,156
DA:245,156
DA:246,156
DA:247,156
DA:248,156
DA:249,156
DA:250,156
DA:251,156
DA:252,156
DA:253,39
DA:254,39
DA:255,6
DA:257,39
DA:258,39
DA:260,39
DA:261,39
DA:262,39
DA:263,39
DA:264,39
DA:265,39
DA:266,39
DA:267,39
DA:268,39
DA:269,39
DA:270,39
DA:271,39
DA:272,39
DA:273,39
DA:275,39
DA:276,39
DA:277,39
DA:278,39
DA:279,39
DA:280,39
DA:281,39
DA:282,39
DA:283,39
DA:284,39
DA:285,39
DA:286,39
DA:288,39
DA:289,39
DA:290,6
DA:292,39
DA:293,39
DA:295,39
DA:296,39
DA:297,39
DA:298,39
DA:299,195
DA:300,195
DA:301,195
DA:302,195
DA:303,195
DA:304,195
DA:305,195
DA:306,195
DA:307,195
DA:308,195
DA:309,195
DA:310,195
DA:311,39
DA:312,39
DA:313,6
DA:315,39
DA:316,39
DA:318,39
DA:319,39
DA:320,39
DA:321,39
DA:322,39
DA:323,39
DA:324,39
DA:325,39
DA:326,39
DA:327,39
DA:329,39
DA:330,39
DA:331,39
DA:332,39
DA:333,39
DA:334,39
DA:335,6
DA:336,6
DA:337,6
DA:339,39
DA:340,39
DA:342,39
DA:343,39
DA:344,39
DA:345,39
DA:346,39
DA:347,39
DA:348,39
DA:349,39
DA:350,39
DA:351,39
DA:352,39
DA:354,39
DA:355,39
DA:356,1209
DA:357,1209
DA:358,39
DA:359,39
DA:360,39
DA:361,39
DA:362,39
DA:363,39
DA:364,39
DA:365,39
DA:366,39
DA:368,39
DA:369,39
DA:370,468
DA:371,39
DA:372,39
DA:373,39
DA:374,39
DA:375,39
DA:376,39
DA:377,39
DA:378,39
DA:379,39
DA:381,39
DA:382,39
DA:383,39
DA:384,39
DA:385,39
DA:386,6
DA:388,39
DA:389,39
DA:391,39
DA:392,39
DA:393,39
DA:394,39
DA:395,39
DA:396,39
DA:397,39
DA:398,39
DA:399,39
DA:400,39
DA:401,39
DA:402,39
DA:404,39
DA:405,39
DA:406,39
DA:407,39
DA:408,39
DA:409,39
DA:411,39
DA:412,39
DA:413,39
DA:414,0
DA:415,0
DA:416,0
DA:417,0
DA:418,0
DA:420,0
DA:422,39
DA:423,39
DA:424,39
DA:425,39
DA:426,39
DA:428,39
DA:431,39
DA:432,39
DA:433,39
DA:434,39
DA:435,39
DA:437,39
DA:438,39
DA:439,39
DA:440,39
DA:441,39
DA:442,39
DA:444,39
DA:445,14
DA:447,1
LF:372
LH:321
BRDA:46,0,0,14
BRDA:47,1,0,14
BRDA:62,2,0,17
BRDA:65,3,0,3
BRDA:76,4,0,14
BRDA:76,5,0,3
BRDA:89,6,0,11
BRDA:66,7,0,3
BRDA:69,8,0,0
BRDA:78,9,0,3
BRDA:90,10,0,11
BRDA:101,11,0,14
BRDA:102,12,0,0
BRDA:127,13,0,7
BRDA:131,14,0,6
BRDA:132,15,0,6
BRDA:133,16,0,6
BRDA:134,17,0,6
BRDA:135,18,0,6
BRDA:136,19,0,1
BRDA:136,20,0,1
BRDA:136,21,0,6
BRDA:143,22,0,7
BRDA:147,23,0,6
BRDA:150,24,0,1
BRDA:168,25,0,0
BRDA:200,26,0,39
BRDA:224,27,0,6
BRDA:224,28,0,33
BRDA:228,29,0,6
BRDA:254,30,0,6
BRDA:289,31,0,6
BRDA:312,32,0,6
BRDA:327,33,0,6
BRDA:327,34,0,33
BRDA:334,35,0,6
BRDA:352,36,0,6
BRDA:352,37,0,33
BRDA:366,38,0,6
BRDA:366,39,0,33
BRDA:379,40,0,6
BRDA:379,41,0,33
BRDA:385,42,0,6
BRDA:413,43,0,0
BRDA:239,44,0,156
BRDA:298,45,0,195
BRDA:355,46,0,1209
BRDA:369,47,0,468
BRDA:382,48,0,195
BRF:49
BRH:45
end_of_record
TN:
SF:src\pages\EmpTable.tsx
FN:36,<instance_members_initializer>
FN:37,EmpTable
FN:45,componentDidMount
FN:49,fetchData
FN:59,handleEdit
FN:64,handleDelete
FN:76,handleSearch
FN:80,getFilteredEmployees
FN:85,formatDate
FN:90,render
FN:176,onClick
FN:187,onClick
FNF:12
FNH:12
FNDA:9,<instance_members_initializer>
FNDA:9,EmpTable
FNDA:9,componentDidMount
FNDA:10,fetchData
FNDA:1,handleEdit
FNDA:2,handleDelete
FNDA:4,handleSearch
FNDA:22,getFilteredEmployees
FNDA:22,formatDate
FNDA:22,render
FNDA:2,onClick
FNDA:1,onClick
DA:1,1
DA:2,1
DA:3,1
DA:4,1
DA:5,1
DA:6,1
DA:7,1
DA:8,1
DA:9,1
DA:10,1
DA:11,1
DA:12,1
DA:13,1
DA:36,1
DA:37,9
DA:38,9
DA:39,9
DA:40,9
DA:41,9
DA:42,9
DA:43,9
DA:45,9
DA:46,9
DA:47,9
DA:49,9
DA:50,10
DA:51,10
DA:52,10
DA:53,10
DA:54,10
DA:55,0
DA:56,0
DA:57,10
DA:59,9
DA:60,1
DA:61,1
DA:62,1
DA:64,9
DA:65,2
DA:66,2
DA:67,2
DA:68,1
DA:69,1
DA:70,1
DA:71,2
DA:72,1
DA:73,1
DA:74,2
DA:76,9
DA:77,4
DA:78,4
DA:80,9
DA:81,22
DA:82,22
DA:83,22
DA:85,9
DA:86,22
DA:87,22
DA:88,22
DA:90,9
DA:91,22
DA:92,22
DA:93,22
DA:94,22
DA:95,22
DA:96,22
DA:97,22
DA:98,22
DA:99,22
DA:100,22
DA:101,22
DA:102,22
DA:103,22
DA:104,22
DA:105,22
DA:106,22
DA:107,22
DA:108,22
DA:109,22
DA:110,22
DA:111,22
DA:112,22
DA:113,22
DA:114,22
DA:115,22
DA:116,22
DA:117,22
DA:118,22
DA:119,22
DA:120,22
DA:121,22
DA:122,22
DA:123,22
DA:124,22
DA:125,22
DA:126,22
DA:127,22
DA:128,22
DA:129,22
DA:130,22
DA:131,22
DA:132,22
DA:133,22
DA:134,22
DA:135,22
DA:136,22
DA:137,12
DA:138,22
DA:139,22
DA:140,22
DA:141,22
DA:142,22
DA:143,22
DA:144,0
DA:145,22
DA:146,0
DA:147,22
DA:148,0
DA:149,22
DA:150,22
DA:151,22
DA:152,22
DA:153,22
DA:154,22
DA:155,22
DA:156,22
DA:157,22
DA:159,22
DA:160,22
DA:161,22
DA:162,22
DA:163,22
DA:164,22
DA:165,22
DA:166,22
DA:167,0
DA:168,22
DA:169,22
DA:170,22
DA:171,22
DA:172,22
DA:173,22
DA:174,22
DA:175,22
DA:176,22
DA:177,22
DA:178,22
DA:180,22
DA:181,22
DA:182,22
DA:183,22
DA:184,22
DA:185,22
DA:186,22
DA:187,22
DA:188,22
DA:189,22
DA:191,22
DA:192,22
DA:193,22
DA:194,22
DA:195,22
DA:196,22
DA:197,22
DA:198,22
DA:199,22
DA:200,12
DA:202,10
DA:203,10
DA:204,10
DA:206,22
DA:207,22
DA:208,22
DA:209,22
DA:210,22
DA:211,22
DA:213,22
DA:214,9
DA:216,1
LF:179
LH:173
BRDA:36,0,0,9
BRDA:37,1,0,9
BRDA:45,2,0,9
BRDA:49,3,0,10
BRDA:54,4,0,0
BRDA:59,5,0,1
BRDA:64,6,0,2
BRDA:67,7,0,1
BRDA:71,8,0,1
BRDA:76,9,0,4
BRDA:80,10,0,22
BRDA:82,11,0,26
BRDA:85,12,0,22
BRDA:86,13,0,0
BRDA:90,14,0,22
BRDA:136,15,0,12
BRDA:200,16,0,10
BRDA:137,17,0,22
BRDA:166,18,0,0
BRDA:141,19,0,22
BRDA:143,20,0,0
BRDA:145,21,0,0
BRDA:147,22,0,0
BRDA:176,23,0,2
BRDA:187,24,0,1
BRF:25
BRH:19
end_of_record
TN:
SF:src\pages\Login.tsx
FN:9,Login
FN:13,handleSuccess
FN:29,handleError
FN:62,GoogleAuthWrapper
FNF:4
FNH:3
FNDA:3,Login
FNDA:0,handleSuccess
FNDA:1,handleError
FNDA:2,GoogleAuthWrapper
DA:1,1
DA:2,1
DA:3,1
DA:4,1
DA:5,1
DA:9,1
DA:10,3
DA:11,3
DA:13,3
DA:14,0
DA:15,0
DA:18,0
DA:19,0
DA:22,0
DA:23,0
DA:24,0
DA:25,0
DA:26,0
DA:27,0
DA:29,3
DA:30,1
DA:31,1
DA:33,3
DA:34,3
DA:35,3
DA:36,3
DA:37,3
DA:38,3
DA:39,3
DA:41,3
DA:43,3
DA:44,1
DA:45,1
DA:46,1
DA:49,3
DA:50,3
DA:51,3
DA:52,3
DA:53,3
DA:54,3
DA:55,3
DA:56,3
DA:57,3
DA:58,3
DA:60,3
DA:62,1
DA:63,2
DA:65,2
DA:66,2
DA:67,2
DA:68,2
DA:70,2
DA:72,1
LF:53
LH:43
BRDA:9,0,0,3
BRDA:43,1,0,1
BRDA:29,2,0,1
BRDA:62,3,0,2
BRF:4
BRH:4
end_of_record
TN:
SF:src\services\Api.ts
FN:5,addEmployee
FN:15,getEmployees
FN:25,deleteEmployee
FN:35,editEmployee
FN:46,getIndividualEmployee
FNF:5
FNH:0
FNDA:0,addEmployee
FNDA:0,getEmployees
FNDA:0,deleteEmployee
FNDA:0,editEmployee
FNDA:0,getIndividualEmployee
DA:1,1
DA:3,1
DA:5,1
DA:6,0
DA:7,0
DA:8,0
DA:9,0
DA:10,0
DA:11,0
DA:12,0
DA:13,0
DA:15,1
DA:16,0
DA:17,0
DA:18,0
DA:19,0
DA:20,0
DA:21,0
DA:22,0
DA:23,0
DA:25,1
DA:26,0
DA:27,0
DA:28,0
DA:29,0
DA:30,0
DA:31,0
DA:32,0
DA:33,0
DA:35,1
DA:36,0
DA:37,0
DA:38,0
DA:39,0
DA:40,0
DA:41,0
DA:42,0
DA:43,0
DA:46,1
DA:47,0
DA:48,0
DA:49,0
DA:50,0
DA:51,0
DA:52,0
DA:53,0
DA:54,0
LF:47
LH:7
BRF:0
BRH:0
end_of_record
TN:
SF:src\utils\withRouter.tsx
FN:3,withRouter
FNF:1
FNH:1
FNDA:6,withRouter
DA:1,1
DA:3,1
DA:4,6
DA:5,92
DA:6,92
DA:7,92
DA:8,6
LF:7
LH:7
BRDA:3,0,0,6
BRDA:4,1,0,92
BRF:2
BRH:2
end_of_record
