TN:
SF:jest.setup.ts
FN:1,(empty-report)
FNF:1
FNH:0
FNDA:0,(empty-report)
DA:1,0
LF:1
LH:0
BRDA:1,0,0,0
BRF:1
BRH:0
end_of_record
TN:
SF:postcss.config.cjs
FN:1,(empty-report)
FNF:1
FNH:0
FNDA:0,(empty-report)
DA:1,0
DA:2,0
DA:3,0
DA:4,0
DA:5,0
DA:6,0
LF:6
LH:0
BRDA:1,0,0,0
BRF:1
BRH:0
end_of_record
TN:
SF:tailwind.config.js
FN:1,(empty-report)
FNF:1
FNH:0
FNDA:0,(empty-report)
DA:1,0
DA:2,0
DA:3,0
DA:4,0
DA:5,0
DA:6,0
DA:7,0
DA:8,0
LF:8
LH:0
BRDA:1,0,0,0
BRF:1
BRH:0
end_of_record
TN:
SF:src\App.tsx
FN:1,(empty-report)
FNF:1
FNH:1
FNDA:1,(empty-report)
DA:2,0
DA:3,0
DA:4,0
DA:5,0
DA:6,0
DA:7,0
DA:8,0
DA:10,0
DA:11,0
DA:12,0
DA:13,0
DA:14,0
DA:15,0
DA:16,0
DA:17,0
DA:18,0
DA:20,0
DA:22,0
LF:18
LH:0
BRDA:1,0,0,1
BRF:1
BRH:1
end_of_record
TN:
SF:src\main.tsx
FN:1,(empty-report)
FNF:1
FNH:0
FNDA:0,(empty-report)
DA:1,0
DA:2,0
DA:3,0
DA:4,0
DA:5,0
DA:6,0
DA:8,0
DA:9,0
DA:10,0
DA:11,0
DA:12,0
DA:13,0
DA:14,0
DA:15,0
LF:14
LH:0
BRDA:1,0,0,0
BRF:1
BRH:0
end_of_record
TN:
SF:src\components\AuthRoute.tsx
FN:15,<instance_members_initializer>
FN:16,AuthRoute
FN:24,componentDidMount
FN:38,checkAuthentication
FN:45,componentDidUpdate
FN:51,componentWillUnmount
FN:55,handleStorageChange
FN:60,render
FNF:8
FNH:7
FNDA:2,<instance_members_initializer>
FNDA:2,AuthRoute
FNDA:2,componentDidMount
FNDA:2,checkAuthentication
FNDA:2,componentDidUpdate
FNDA:2,componentWillUnmount
FNDA:0,handleStorageChange
FNDA:4,render
DA:2,1
DA:4,1
DA:15,1
DA:16,2
DA:17,2
DA:19,2
DA:20,2
DA:21,2
DA:22,2
DA:24,2
DA:25,2
DA:28,2
DA:29,2
DA:30,2
DA:31,2
DA:32,1
DA:33,1
DA:34,2
DA:35,2
DA:36,2
DA:38,2
DA:39,2
DA:40,2
DA:42,2
DA:43,2
DA:45,2
DA:46,2
DA:47,1
DA:48,1
DA:49,2
DA:51,2
DA:52,2
DA:53,2
DA:55,2
DA:56,0
DA:57,0
DA:58,0
DA:60,2
DA:61,4
DA:62,4
DA:64,4
DA:65,3
DA:66,3
DA:68,1
DA:69,4
DA:70,2
DA:72,1
LF:47
LH:44
BRDA:15,0,0,2
BRDA:16,1,0,2
BRDA:24,2,0,2
BRDA:30,3,0,2
BRDA:31,4,0,1
BRDA:38,5,0,2
BRDA:42,6,0,1
BRDA:45,7,0,2
BRDA:46,8,0,1
BRDA:46,9,0,1
BRDA:51,10,0,2
BRDA:60,11,0,4
BRDA:64,12,0,3
BRDA:66,13,0,1
BRF:14
BRH:14
end_of_record
TN:
SF:src\components\Header.tsx
FN:11,<instance_members_initializer>
FN:12,handleLogout
FN:19,render
FNF:3
FNH:3
FNDA:32,<instance_members_initializer>
FNDA:1,handleLogout
FNDA:91,render
DA:1,1
DA:3,1
DA:4,1
DA:11,1
DA:12,32
DA:13,1
DA:14,1
DA:16,1
DA:17,1
DA:19,32
DA:20,91
DA:22,91
DA:23,91
DA:24,91
DA:25,91
DA:26,91
DA:27,91
DA:28,91
DA:29,91
DA:30,91
DA:32,91
DA:33,87
DA:34,87
DA:35,87
DA:36,87
DA:38,87
DA:40,91
DA:42,91
DA:43,32
DA:45,1
LF:30
LH:30
BRDA:11,0,0,32
BRDA:12,1,0,1
BRDA:19,2,0,91
BRDA:32,3,0,87
BRF:4
BRH:4
end_of_record
TN:
SF:src\components\ProtectedRoutes.tsx
FN:1,(empty-report)
FNF:1
FNH:0
FNDA:0,(empty-report)
DA:1,0
DA:2,0
DA:12,0
DA:13,0
DA:14,0
DA:16,0
DA:17,0
DA:18,0
DA:19,0
DA:21,0
DA:22,0
DA:23,0
DA:25,0
DA:26,0
DA:27,0
DA:29,0
DA:30,0
DA:31,0
DA:33,0
DA:34,0
DA:36,0
DA:37,0
DA:38,0
DA:39,0
DA:41,0
DA:42,0
DA:43,0
DA:45,0
DA:46,0
DA:47,0
DA:49,0
DA:50,0
DA:51,0
DA:53,0
LF:34
LH:0
BRDA:1,0,0,0
BRF:1
BRH:0
end_of_record
TN:
SF:src\pages\EmpRegForm.tsx
FN:47,<instance_members_initializer>
FN:48,EmpRegForm
FN:64,handleChange
FN:103,componentDidMount
FN:109,getEmployee
FN:129,validateForm
FN:145,handleSubmit
FN:159,handleAddEmployee
FN:181,handleReset
FN:195,handleUpdate
FN:208,render
FN:410,onClick
FN:452,onClick
FNF:13
FNH:11
FNDA:17,<instance_members_initializer>
FNDA:17,EmpRegForm
FNDA:23,handleChange
FNDA:17,componentDidMount
FNDA:2,getEmployee
FNDA:7,validateForm
FNDA:7,handleSubmit
FNDA:1,handleAddEmployee
FNDA:1,handleReset
FNDA:1,handleUpdate
FNDA:52,render
FNDA:0,onClick
FNDA:0,onClick
DA:1,1
DA:2,1
DA:3,1
DA:4,1
DA:5,1
DA:6,1
DA:7,1
DA:8,1
DA:10,1
DA:12,1
DA:13,1
DA:14,1
DA:15,1
DA:16,1
DA:17,1
DA:47,1
DA:48,17
DA:49,17
DA:50,17
DA:51,17
DA:52,17
DA:53,17
DA:54,17
DA:55,17
DA:56,17
DA:57,17
DA:58,17
DA:59,17
DA:60,17
DA:61,17
DA:62,17
DA:64,17
DA:65,23
DA:67,23
DA:68,4
DA:69,4
DA:70,4
DA:71,4
DA:72,0
DA:73,4
DA:74,4
DA:75,4
DA:76,4
DA:77,4
DA:78,23
DA:79,3
DA:80,3
DA:81,3
DA:82,3
DA:83,3
DA:84,3
DA:85,3
DA:86,3
DA:87,3
DA:88,3
DA:89,3
DA:90,3
DA:91,19
DA:92,16
DA:93,16
DA:94,16
DA:95,16
DA:96,16
DA:97,16
DA:98,16
DA:99,16
DA:100,16
DA:101,23
DA:103,17
DA:104,17
DA:105,2
DA:106,2
DA:107,17
DA:109,17
DA:110,2
DA:111,2
DA:112,2
DA:113,1
DA:114,1
DA:115,1
DA:116,1
DA:117,1
DA:118,1
DA:119,1
DA:120,1
DA:121,1
DA:122,1
DA:124,2
DA:125,1
DA:126,1
DA:127,2
DA:129,17
DA:130,7
DA:131,7
DA:133,7
DA:134,7
DA:135,7
DA:136,7
DA:137,7
DA:138,7
DA:139,6
DA:140,6
DA:142,7
DA:143,7
DA:145,17
DA:146,7
DA:147,7
DA:149,7
DA:150,6
DA:151,6
DA:152,6
DA:154,1
DA:155,1
DA:156,1
DA:157,7
DA:159,17
DA:160,1
DA:161,1
DA:162,1
DA:163,1
DA:164,1
DA:165,1
DA:166,1
DA:167,1
DA:168,1
DA:169,1
DA:170,1
DA:171,1
DA:172,1
DA:173,1
DA:174,1
DA:175,1
DA:176,1
DA:177,0
DA:178,0
DA:179,1
DA:181,17
DA:182,1
DA:183,1
DA:184,1
DA:185,1
DA:186,1
DA:187,1
DA:188,1
DA:189,1
DA:190,1
DA:191,1
DA:192,1
DA:193,1
DA:195,17
DA:196,1
DA:197,1
DA:198,1
DA:199,1
DA:200,1
DA:201,1
DA:202,1
DA:203,1
DA:204,0
DA:205,0
DA:206,1
DA:208,17
DA:209,52
DA:211,52
DA:212,52
DA:213,52
DA:214,52
DA:215,52
DA:216,52
DA:217,52
DA:218,52
DA:220,52
DA:222,52
DA:223,52
DA:224,52
DA:225,52
DA:226,52
DA:227,52
DA:228,52
DA:229,52
DA:230,52
DA:231,52
DA:232,52
DA:233,52
DA:234,52
DA:235,52
DA:236,6
DA:238,52
DA:239,52
DA:241,52
DA:242,52
DA:243,52
DA:244,52
DA:245,208
DA:246,208
DA:247,208
DA:248,208
DA:249,208
DA:250,208
DA:251,208
DA:252,208
DA:253,208
DA:254,208
DA:255,208
DA:256,208
DA:257,208
DA:258,52
DA:259,52
DA:260,6
DA:262,52
DA:263,52
DA:265,52
DA:266,52
DA:267,52
DA:268,52
DA:269,52
DA:270,52
DA:271,52
DA:272,52
DA:273,52
DA:274,52
DA:275,52
DA:276,52
DA:277,52
DA:278,52
DA:279,52
DA:281,52
DA:282,52
DA:283,52
DA:284,52
DA:285,52
DA:286,52
DA:287,52
DA:288,52
DA:289,52
DA:290,52
DA:291,52
DA:292,52
DA:294,52
DA:295,52
DA:296,52
DA:297,6
DA:299,52
DA:300,52
DA:302,52
DA:303,52
DA:304,52
DA:305,52
DA:306,52
DA:307,260
DA:308,260
DA:309,260
DA:310,260
DA:311,260
DA:312,260
DA:313,260
DA:314,260
DA:315,260
DA:316,260
DA:317,260
DA:318,260
DA:319,52
DA:320,52
DA:321,52
DA:322,6
DA:324,52
DA:325,52
DA:327,52
DA:328,52
DA:329,52
DA:330,52
DA:331,52
DA:332,52
DA:333,52
DA:334,52
DA:335,52
DA:337,52
DA:338,52
DA:339,52
DA:340,52
DA:341,52
DA:342,52
DA:343,6
DA:345,52
DA:346,52
DA:348,52
DA:349,52
DA:350,52
DA:351,52
DA:352,52
DA:353,52
DA:354,52
DA:355,52
DA:356,52
DA:357,52
DA:359,52
DA:360,52
DA:361,1612
DA:362,1612
DA:363,52
DA:364,52
DA:365,52
DA:366,52
DA:367,52
DA:368,52
DA:369,52
DA:370,52
DA:372,52
DA:373,52
DA:374,624
DA:375,52
DA:376,52
DA:377,52
DA:378,52
DA:379,52
DA:380,52
DA:381,52
DA:382,52
DA:384,52
DA:385,52
DA:386,52
DA:387,52
DA:388,52
DA:389,6
DA:391,52
DA:392,52
DA:394,52
DA:395,52
DA:396,52
DA:397,52
DA:398,52
DA:399,52
DA:400,52
DA:401,52
DA:402,52
DA:403,52
DA:404,52
DA:405,52
DA:408,52
DA:409,52
DA:410,52
DA:411,52
DA:412,52
DA:413,52
DA:415,52
DA:416,52
DA:417,52
DA:418,6
DA:419,6
DA:420,6
DA:421,6
DA:422,6
DA:424,6
DA:426,46
DA:427,46
DA:428,46
DA:429,46
DA:430,46
DA:432,46
DA:434,52
DA:435,52
DA:436,52
DA:437,52
DA:438,52
DA:440,52
DA:441,52
DA:442,52
DA:443,52
DA:444,52
DA:445,52
DA:446,3
DA:447,3
DA:448,3
DA:449,3
DA:450,3
DA:451,3
DA:452,3
DA:453,3
DA:454,3
DA:456,3
DA:457,3
DA:458,3
DA:459,3
DA:460,3
DA:462,3
DA:463,3
DA:464,3
DA:465,3
DA:467,52
DA:469,52
DA:470,17
DA:472,1
LF:392
LH:387
BRDA:47,0,0,17
BRDA:48,1,0,17
BRDA:59,2,0,15
BRDA:64,3,0,23
BRDA:67,4,0,4
BRDA:78,5,0,19
BRDA:78,6,0,3
BRDA:91,7,0,16
BRDA:68,8,0,4
BRDA:71,9,0,0
BRDA:80,10,0,3
BRDA:92,11,0,16
BRDA:103,12,0,17
BRDA:104,13,0,2
BRDA:109,14,0,2
BRDA:112,15,0,1
BRDA:114,16,0,0
BRDA:115,17,0,0
BRDA:116,18,0,0
BRDA:117,19,0,0
BRDA:118,20,0,0
BRDA:119,21,0,0
BRDA:120,22,0,0
BRDA:124,23,0,1
BRDA:129,24,0,7
BRDA:133,25,0,6
BRDA:134,26,0,6
BRDA:135,27,0,6
BRDA:136,28,0,6
BRDA:137,29,0,6
BRDA:138,30,0,1
BRDA:138,31,0,1
BRDA:138,32,0,6
BRDA:145,33,0,7
BRDA:149,34,0,6
BRDA:152,35,0,1
BRDA:159,36,0,1
BRDA:176,37,0,0
BRDA:181,38,0,1
BRDA:195,39,0,1
BRDA:203,40,0,0
BRDA:208,41,0,52
BRDA:231,42,0,6
BRDA:231,43,0,46
BRDA:235,44,0,6
BRDA:259,45,0,6
BRDA:296,46,0,6
BRDA:321,47,0,6
BRDA:335,48,0,6
BRDA:335,49,0,46
BRDA:342,50,0,6
BRDA:357,51,0,6
BRDA:357,52,0,46
BRDA:370,53,0,6
BRDA:370,54,0,46
BRDA:382,55,0,6
BRDA:382,56,0,46
BRDA:388,57,0,6
BRDA:417,58,0,6
BRDA:424,59,0,46
BRDA:445,60,0,3
BRDA:244,61,0,208
BRDA:306,62,0,260
BRDA:360,63,0,1612
BRDA:373,64,0,624
BRDA:385,65,0,260
BRF:66
BRH:56
end_of_record
TN:
SF:src\pages\EmpTable.tsx
FN:40,<instance_members_initializer>
FN:41,EmpTable
FN:52,componentDidMount
FN:56,fetchData
FN:66,handleEdit
FN:71,handleDelete
FN:87,handleDeleteModal
FN:93,handleSearch
FN:97,handleSearchToggle
FN:103,getFilteredEmployees
FN:108,formatDate
FN:113,render
FN:223,onClick
FN:234,onClick
FN:266,onClick
FNF:15
FNH:15
FNDA:10,<instance_members_initializer>
FNDA:10,EmpTable
FNDA:10,componentDidMount
FNDA:11,fetchData
FNDA:1,handleEdit
FNDA:2,handleDelete
FNDA:3,handleDeleteModal
FNDA:4,handleSearch
FNDA:4,handleSearchToggle
FNDA:32,getFilteredEmployees
FNDA:40,formatDate
FNDA:32,render
FNDA:3,onClick
FNDA:1,onClick
FNDA:1,onClick
DA:1,1
DA:2,1
DA:3,1
DA:4,1
DA:5,1
DA:6,1
DA:7,1
DA:8,1
DA:9,1
DA:10,1
DA:11,1
DA:12,1
DA:13,1
DA:14,1
DA:40,1
DA:41,10
DA:42,10
DA:43,10
DA:44,10
DA:45,10
DA:46,10
DA:47,10
DA:48,10
DA:49,10
DA:50,10
DA:52,10
DA:53,10
DA:54,10
DA:56,10
DA:57,11
DA:58,11
DA:59,11
DA:60,11
DA:61,11
DA:62,0
DA:63,0
DA:64,11
DA:66,10
DA:67,1
DA:68,1
DA:69,1
DA:71,10
DA:72,2
DA:74,2
DA:75,1
DA:76,1
DA:77,1
DA:78,1
DA:79,1
DA:80,1
DA:81,1
DA:82,2
DA:83,1
DA:84,1
DA:85,2
DA:87,10
DA:88,3
DA:89,3
DA:93,10
DA:94,4
DA:95,4
DA:97,10
DA:98,4
DA:99,4
DA:100,4
DA:101,4
DA:102,4
DA:103,10
DA:104,32
DA:105,32
DA:106,32
DA:108,10
DA:109,40
DA:110,40
DA:111,40
DA:113,10
DA:114,32
DA:115,32
DA:116,32
DA:117,32
DA:118,32
DA:119,32
DA:120,32
DA:121,32
DA:122,32
DA:123,32
DA:124,32
DA:125,32
DA:127,32
DA:128,7
DA:129,7
DA:130,7
DA:131,7
DA:132,7
DA:133,7
DA:134,7
DA:135,7
DA:136,7
DA:137,7
DA:138,7
DA:139,7
DA:140,7
DA:142,25
DA:143,25
DA:144,25
DA:146,32
DA:147,32
DA:148,32
DA:149,32
DA:150,32
DA:151,32
DA:152,32
DA:153,32
DA:154,32
DA:155,32
DA:156,32
DA:157,32
DA:158,32
DA:159,32
DA:160,32
DA:161,32
DA:162,32
DA:163,32
DA:164,32
DA:165,32
DA:166,32
DA:167,32
DA:168,32
DA:169,32
DA:170,21
DA:171,40
DA:172,40
DA:173,40
DA:174,40
DA:175,40
DA:176,40
DA:177,19
DA:178,40
DA:179,0
DA:180,21
DA:181,21
DA:182,21
DA:183,0
DA:184,0
DA:185,40
DA:186,40
DA:187,40
DA:188,40
DA:189,40
DA:190,40
DA:192,40
DA:193,40
DA:194,40
DA:195,40
DA:196,40
DA:197,40
DA:198,40
DA:199,40
DA:200,40
DA:201,40
DA:202,40
DA:203,40
DA:205,40
DA:206,40
DA:207,40
DA:208,40
DA:210,0
DA:211,0
DA:212,0
DA:214,40
DA:216,40
DA:217,40
DA:218,40
DA:219,40
DA:220,40
DA:221,40
DA:222,40
DA:223,40
DA:224,40
DA:225,40
DA:227,40
DA:228,40
DA:229,40
DA:230,40
DA:231,40
DA:232,40
DA:233,40
DA:234,40
DA:235,40
DA:236,40
DA:238,40
DA:239,40
DA:240,40
DA:241,40
DA:242,40
DA:243,40
DA:244,40
DA:245,40
DA:246,40
DA:247,21
DA:249,11
DA:250,11
DA:251,11
DA:253,32
DA:254,32
DA:255,32
DA:256,32
DA:257,32
DA:259,32
DA:260,3
DA:261,3
DA:262,3
DA:263,3
DA:264,3
DA:265,3
DA:266,3
DA:267,3
DA:268,3
DA:270,3
DA:271,3
DA:272,3
DA:273,3
DA:274,3
DA:276,3
DA:277,3
DA:278,3
DA:279,3
DA:282,32
DA:284,32
DA:285,10
DA:287,1
LF:231
LH:223
BRDA:40,0,0,10
BRDA:41,1,0,10
BRDA:52,2,0,10
BRDA:56,3,0,11
BRDA:61,4,0,0
BRDA:66,5,0,1
BRDA:71,6,0,2
BRDA:74,7,0,1
BRDA:82,8,0,1
BRDA:87,9,0,3
BRDA:93,10,0,4
BRDA:97,11,0,4
BRDA:98,12,0,4
BRDA:103,13,0,32
BRDA:105,14,0,44
BRDA:108,15,0,40
BRDA:109,16,0,0
BRDA:113,17,0,32
BRDA:127,18,0,7
BRDA:140,19,0,25
BRDA:169,20,0,21
BRDA:247,21,0,11
BRDA:259,22,0,3
BRDA:170,23,0,40
BRDA:208,24,0,0
BRDA:174,25,0,40
BRDA:176,26,0,19
BRDA:178,27,0,21
BRDA:178,28,0,0
BRDA:182,29,0,0
BRDA:200,30,0,40
BRDA:223,31,0,3
BRDA:234,32,0,1
BRDA:266,33,0,1
BRF:34
BRH:29
end_of_record
TN:
SF:src\pages\Login.tsx
FN:9,Login
FN:13,handleSuccess
FN:29,handleError
FN:62,GoogleAuthWrapper
FNF:4
FNH:3
FNDA:3,Login
FNDA:0,handleSuccess
FNDA:1,handleError
FNDA:2,GoogleAuthWrapper
DA:1,1
DA:2,1
DA:3,1
DA:4,1
DA:5,1
DA:9,1
DA:10,3
DA:11,3
DA:13,3
DA:14,0
DA:15,0
DA:18,0
DA:19,0
DA:22,0
DA:23,0
DA:24,0
DA:25,0
DA:26,0
DA:27,0
DA:29,3
DA:30,1
DA:31,1
DA:33,3
DA:34,3
DA:35,3
DA:36,3
DA:37,3
DA:38,3
DA:39,3
DA:41,3
DA:43,3
DA:44,1
DA:45,1
DA:46,1
DA:49,3
DA:50,3
DA:51,3
DA:52,3
DA:53,3
DA:54,3
DA:55,3
DA:56,3
DA:57,3
DA:58,3
DA:60,3
DA:62,1
DA:63,2
DA:65,2
DA:66,2
DA:67,2
DA:68,2
DA:70,2
DA:72,1
LF:53
LH:43
BRDA:9,0,0,3
BRDA:43,1,0,1
BRDA:29,2,0,1
BRDA:62,3,0,2
BRF:4
BRH:4
end_of_record
TN:
SF:src\services\Api.ts
FN:5,addEmployee
FN:15,getEmployees
FN:25,deleteEmployee
FN:35,editEmployee
FN:46,getIndividualEmployee
FNF:5
FNH:0
FNDA:0,addEmployee
FNDA:0,getEmployees
FNDA:0,deleteEmployee
FNDA:0,editEmployee
FNDA:0,getIndividualEmployee
DA:1,1
DA:3,1
DA:5,1
DA:6,0
DA:7,0
DA:8,0
DA:9,0
DA:10,0
DA:11,0
DA:12,0
DA:13,0
DA:15,1
DA:16,0
DA:17,0
DA:18,0
DA:19,0
DA:20,0
DA:21,0
DA:22,0
DA:23,0
DA:25,1
DA:26,0
DA:27,0
DA:28,0
DA:29,0
DA:30,0
DA:31,0
DA:32,0
DA:33,0
DA:35,1
DA:36,0
DA:37,0
DA:38,0
DA:39,0
DA:40,0
DA:41,0
DA:42,0
DA:43,0
DA:46,1
DA:47,0
DA:48,0
DA:49,0
DA:50,0
DA:51,0
DA:52,0
DA:53,0
DA:54,0
LF:47
LH:7
BRF:0
BRH:0
end_of_record
TN:
SF:src\utils\withRouter.tsx
FN:3,withRouter
FNF:1
FNH:1
FNDA:6,withRouter
DA:1,1
DA:3,1
DA:4,6
DA:5,120
DA:6,120
DA:7,120
DA:8,6
LF:7
LH:7
BRDA:3,0,0,6
BRDA:4,1,0,120
BRF:2
BRH:2
end_of_record
